
Attaching package: 'dplyr'

The following objects are masked from 'package:stats':

    filter, lag

The following objects are masked from 'package:base':

    intersect, setdiff, setequal, union


Attaching package: 'lubridate'

The following objects are masked from 'package:base':

    date, intersect, setdiff, union

here() starts at C:/Windows/System32

Attaching package: 'plotly'

The following object is masked from 'package:ggplot2':

    last_plot

The following object is masked from 'package:stats':

    filter

The following object is masked from 'package:graphics':

    layout

Already up to date.
[1] 0
Error in readChar(con, 5L, useBytes = TRUE) : cannot open the connection
Calls: load -> readChar
In addition: Warning message:
In readChar(con, 5L, useBytes = TRUE) :
  cannot open compressed file 'C:/Windows/System32/data/merged_buoy_data.rda', probable reason 'No such file or directory'
Execution halted

Attaching package: 'dplyr'

The following objects are masked from 'package:stats':

    filter, lag

The following objects are masked from 'package:base':

    intersect, setdiff, setequal, union


Attaching package: 'lubridate'

The following objects are masked from 'package:base':

    date, intersect, setdiff, union

here() starts at C:/Windows/System32

Attaching package: 'plotly'

The following object is masked from 'package:ggplot2':

    last_plot

The following object is masked from 'package:stats':

    filter

The following object is masked from 'package:graphics':

    layout

Already up to date.
[1] 0
`summarise()` has grouped output by 'waterbody', 'date_hour'. You can override using the `.groups` argument.
Error in htmlwidgets::saveWidget(dash_gg_plotly, "C:/Users/JHollist/projects/cc_buoys/index.html") : 
  Saving a widget with selfcontained = TRUE requires pandoc. For details see:
https://github.com/rstudio/rmarkdown/blob/master/PANDOC.md
Execution halted

Attaching package: 'dplyr'

The following objects are masked from 'package:stats':

    filter, lag

The following objects are masked from 'package:base':

    intersect, setdiff, setequal, union


Attaching package: 'lubridate'

The following objects are masked from 'package:base':

    date, intersect, setdiff, union

here() starts at C:/Windows/System32

Attaching package: 'plotly'

The following object is masked from 'package:ggplot2':

    last_plot

The following object is masked from 'package:stats':

    filter

The following object is masked from 'package:graphics':

    layout

Already up to date.
[1] 0
`summarise()` has grouped output by 'waterbody', 'date_hour'. You can override using the `.groups` argument.
warning: LF will be replaced by CRLF in index.html.
The file will have its original line endings in your working directory
warning: LF will be replaced by CRLF in index_files/crosstalk-1.1.1/css/crosstalk.css.
The file will have its original line endings in your working directory
warning: LF will be replaced by CRLF in index_files/crosstalk-1.1.1/js/crosstalk.js.
The file will have its original line endings in your working directory
warning: LF will be replaced by CRLF in index_files/crosstalk-1.1.1/js/crosstalk.js.map.
The file will have its original line endings in your working directory
warning: LF will be replaced by CRLF in index_files/crosstalk-1.1.1/js/crosstalk.min.js.
The file will have its original line endings in your working directory
warning: LF will be replaced by CRLF in index_files/htmlwidgets-1.5.3/htmlwidgets.js.
The file will have its original line endings in your working directory
warning: LF will be replaced by CRLF in index_files/jquery-3.5.1/jquery-AUTHORS.txt.
The file will have its original line endings in your working directory
warning: LF will be replaced by CRLF in index_files/jquery-3.5.1/jquery.js.
The file will have its original line endings in your working directory
warning: LF will be replaced by CRLF in index_files/jquery-3.5.1/jquery.min.js.
The file will have its original line endings in your working directory
warning: LF will be replaced by CRLF in index_files/plotly-binding-4.9.4/plotly.js.
The file will have its original line endings in your working directory
warning: LF will be replaced by CRLF in index_files/plotly-htmlwidgets-css-1.57.1/plotly-htmlwidgets.css.
The file will have its original line endings in your working directory
warning: LF will be replaced by CRLF in index_files/plotly-main-1.57.1/plotly-latest.min.js.
The file will have its original line endings in your working directory
[1] 0
[main 82ee270] auto build
 Committer: Hollister <Hollister.Jeff@epa.gov>
Your name and email address were configured automatically based
on your username and hostname. Please check that they are accurate.
You can suppress this message by setting them explicitly. Run the
following command and follow the instructions in your editor to edit
your configuration file:

    git config --global --edit

After doing this, you may fix the identity used for this commit with:

    git commit --amend --reset-author

 1 file changed, 23 insertions(+), 25 deletions(-)
 rewrite index.html (88%)
[1] 0
To https://github.com/jhollist/cc_buoys
   1a222dc..82ee270  main -> main
[1] 0

Attaching package: 'dplyr'

The following objects are masked from 'package:stats':

    filter, lag

The following objects are masked from 'package:base':

    intersect, setdiff, setequal, union


Attaching package: 'lubridate'

The following objects are masked from 'package:base':

    date, intersect, setdiff, union

here() starts at C:/Windows/System32

Attaching package: 'plotly'

The following object is masked from 'package:ggplot2':

    last_plot

The following object is masked from 'package:stats':

    filter

The following object is masked from 'package:graphics':

    layout

Already up to date.
[1] 0
`summarise()` has grouped output by 'waterbody', 'date_hour'. You can override using the `.groups` argument.
warning: LF will be replaced by CRLF in index.html.
The file will have its original line endings in your working directory
warning: LF will be replaced by CRLF in index_files/crosstalk-1.1.1/css/crosstalk.css.
The file will have its original line endings in your working directory
warning: LF will be replaced by CRLF in index_files/crosstalk-1.1.1/js/crosstalk.js.
The file will have its original line endings in your working directory
warning: LF will be replaced by CRLF in index_files/crosstalk-1.1.1/js/crosstalk.js.map.
The file will have its original line endings in your working directory
warning: LF will be replaced by CRLF in index_files/crosstalk-1.1.1/js/crosstalk.min.js.
The file will have its original line endings in your working directory
warning: LF will be replaced by CRLF in index_files/htmlwidgets-1.5.3/htmlwidgets.js.
The file will have its original line endings in your working directory
warning: LF will be replaced by CRLF in index_files/jquery-3.5.1/jquery-AUTHORS.txt.
The file will have its original line endings in your working directory
warning: LF will be replaced by CRLF in index_files/jquery-3.5.1/jquery.js.
The file will have its original line endings in your working directory
warning: LF will be replaced by CRLF in index_files/jquery-3.5.1/jquery.min.js.
The file will have its original line endings in your working directory
warning: LF will be replaced by CRLF in index_files/plotly-binding-4.9.4/plotly.js.
The file will have its original line endings in your working directory
warning: LF will be replaced by CRLF in index_files/plotly-htmlwidgets-css-1.57.1/plotly-htmlwidgets.css.
The file will have its original line endings in your working directory
warning: LF will be replaced by CRLF in index_files/plotly-main-1.57.1/plotly-latest.min.js.
The file will have its original line endings in your working directory
[1] 0
[main 23985d6] auto build
 Committer: Hollister <Hollister.Jeff@epa.gov>
Your name and email address were configured automatically based
on your username and hostname. Please check that they are accurate.
You can suppress this message by setting them explicitly. Run the
following command and follow the instructions in your editor to edit
your configuration file:

    git config --global --edit

After doing this, you may fix the identity used for this commit with:

    git commit --amend --reset-author

 1 file changed, 3 insertions(+), 3 deletions(-)
[1] 0
To https://github.com/jhollist/cc_buoys
   82ee270..23985d6  main -> main
[1] 0

Attaching package: 'dplyr'

The following objects are masked from 'package:stats':

    filter, lag

The following objects are masked from 'package:base':

    intersect, setdiff, setequal, union


Attaching package: 'lubridate'

The following objects are masked from 'package:base':

    date, intersect, setdiff, union

here() starts at C:/Windows/System32

Attaching package: 'plotly'

The following object is masked from 'package:ggplot2':

    last_plot

The following object is masked from 'package:stats':

    filter

The following object is masked from 'package:graphics':

    layout

Already up to date.
[1] 0
`summarise()` has grouped output by 'waterbody', 'date_hour'. You can override using the `.groups` argument.
warning: LF will be replaced by CRLF in index.html.
The file will have its original line endings in your working directory
warning: LF will be replaced by CRLF in index_files/crosstalk-1.1.1/css/crosstalk.css.
The file will have its original line endings in your working directory
warning: LF will be replaced by CRLF in index_files/crosstalk-1.1.1/js/crosstalk.js.
The file will have its original line endings in your working directory
warning: LF will be replaced by CRLF in index_files/crosstalk-1.1.1/js/crosstalk.js.map.
The file will have its original line endings in your working directory
warning: LF will be replaced by CRLF in index_files/crosstalk-1.1.1/js/crosstalk.min.js.
The file will have its original line endings in your working directory
warning: LF will be replaced by CRLF in index_files/htmlwidgets-1.5.3/htmlwidgets.js.
The file will have its original line endings in your working directory
warning: LF will be replaced by CRLF in index_files/jquery-3.5.1/jquery-AUTHORS.txt.
The file will have its original line endings in your working directory
warning: LF will be replaced by CRLF in index_files/jquery-3.5.1/jquery.js.
The file will have its original line endings in your working directory
warning: LF will be replaced by CRLF in index_files/jquery-3.5.1/jquery.min.js.
The file will have its original line endings in your working directory
warning: LF will be replaced by CRLF in index_files/plotly-binding-4.9.4/plotly.js.
The file will have its original line endings in your working directory
warning: LF will be replaced by CRLF in index_files/plotly-htmlwidgets-css-1.57.1/plotly-htmlwidgets.css.
The file will have its original line endings in your working directory
warning: LF will be replaced by CRLF in index_files/plotly-main-1.57.1/plotly-latest.min.js.
The file will have its original line endings in your working directory
[1] 0
[main b5392f0] auto build
 Committer: Hollister <Hollister.Jeff@epa.gov>
Your name and email address were configured automatically based
on your username and hostname. Please check that they are accurate.
You can suppress this message by setting them explicitly. Run the
following command and follow the instructions in your editor to edit
your configuration file:

    git config --global --edit

After doing this, you may fix the identity used for this commit with:

    git commit --amend --reset-author

 1 file changed, 23 insertions(+), 23 deletions(-)
 rewrite index.html (86%)
[1] 0
To https://github.com/jhollist/cc_buoys
   23985d6..b5392f0  main -> main
[1] 0

Attaching package: 'dplyr'

The following objects are masked from 'package:stats':

    filter, lag

The following objects are masked from 'package:base':

    intersect, setdiff, setequal, union


Attaching package: 'lubridate'

The following objects are masked from 'package:base':

    date, intersect, setdiff, union

here() starts at C:/Windows/System32

Attaching package: 'plotly'

The following object is masked from 'package:ggplot2':

    last_plot

The following object is masked from 'package:stats':

    filter

The following object is masked from 'package:graphics':

    layout

Already up to date.
[1] 0
`summarise()` has grouped output by 'waterbody', 'date_hour'. You can override using the `.groups` argument.
warning: LF will be replaced by CRLF in index.html.
The file will have its original line endings in your working directory
warning: LF will be replaced by CRLF in index_files/crosstalk-1.1.1/css/crosstalk.css.
The file will have its original line endings in your working directory
warning: LF will be replaced by CRLF in index_files/crosstalk-1.1.1/js/crosstalk.js.
The file will have its original line endings in your working directory
warning: LF will be replaced by CRLF in index_files/crosstalk-1.1.1/js/crosstalk.js.map.
The file will have its original line endings in your working directory
warning: LF will be replaced by CRLF in index_files/crosstalk-1.1.1/js/crosstalk.min.js.
The file will have its original line endings in your working directory
warning: LF will be replaced by CRLF in index_files/htmlwidgets-1.5.3/htmlwidgets.js.
The file will have its original line endings in your working directory
warning: LF will be replaced by CRLF in index_files/jquery-3.5.1/jquery-AUTHORS.txt.
The file will have its original line endings in your working directory
warning: LF will be replaced by CRLF in index_files/jquery-3.5.1/jquery.js.
The file will have its original line endings in your working directory
warning: LF will be replaced by CRLF in index_files/jquery-3.5.1/jquery.min.js.
The file will have its original line endings in your working directory
warning: LF will be replaced by CRLF in index_files/plotly-binding-4.9.4/plotly.js.
The file will have its original line endings in your working directory
warning: LF will be replaced by CRLF in index_files/plotly-htmlwidgets-css-1.57.1/plotly-htmlwidgets.css.
The file will have its original line endings in your working directory
warning: LF will be replaced by CRLF in index_files/plotly-main-1.57.1/plotly-latest.min.js.
The file will have its original line endings in your working directory
[1] 0
[main 1509168] auto build
 Committer: Hollister <Hollister.Jeff@epa.gov>
Your name and email address were configured automatically based
on your username and hostname. Please check that they are accurate.
You can suppress this message by setting them explicitly. Run the
following command and follow the instructions in your editor to edit
your configuration file:

    git config --global --edit

After doing this, you may fix the identity used for this commit with:

    git commit --amend --reset-author

 1 file changed, 3 insertions(+), 3 deletions(-)
[1] 0
To https://github.com/jhollist/cc_buoys
   b5392f0..1509168  main -> main
[1] 0

Attaching package: 'dplyr'

The following objects are masked from 'package:stats':

    filter, lag

The following objects are masked from 'package:base':

    intersect, setdiff, setequal, union


Attaching package: 'lubridate'

The following objects are masked from 'package:base':

    date, intersect, setdiff, union

here() starts at C:/Windows/System32

Attaching package: 'plotly'

The following object is masked from 'package:ggplot2':

    last_plot

The following object is masked from 'package:stats':

    filter

The following object is masked from 'package:graphics':

    layout

Already up to date.
[1] 0
`summarise()` has grouped output by 'waterbody', 'date_hour'. You can override using the `.groups` argument.
warning: LF will be replaced by CRLF in index.html.
The file will have its original line endings in your working directory
warning: LF will be replaced by CRLF in index_files/crosstalk-1.1.1/css/crosstalk.css.
The file will have its original line endings in your working directory
warning: LF will be replaced by CRLF in index_files/crosstalk-1.1.1/js/crosstalk.js.
The file will have its original line endings in your working directory
warning: LF will be replaced by CRLF in index_files/crosstalk-1.1.1/js/crosstalk.js.map.
The file will have its original line endings in your working directory
warning: LF will be replaced by CRLF in index_files/crosstalk-1.1.1/js/crosstalk.min.js.
The file will have its original line endings in your working directory
warning: LF will be replaced by CRLF in index_files/htmlwidgets-1.5.3/htmlwidgets.js.
The file will have its original line endings in your working directory
warning: LF will be replaced by CRLF in index_files/jquery-3.5.1/jquery-AUTHORS.txt.
The file will have its original line endings in your working directory
warning: LF will be replaced by CRLF in index_files/jquery-3.5.1/jquery.js.
The file will have its original line endings in your working directory
warning: LF will be replaced by CRLF in index_files/jquery-3.5.1/jquery.min.js.
The file will have its original line endings in your working directory
warning: LF will be replaced by CRLF in index_files/plotly-binding-4.9.4/plotly.js.
The file will have its original line endings in your working directory
warning: LF will be replaced by CRLF in index_files/plotly-htmlwidgets-css-1.57.1/plotly-htmlwidgets.css.
The file will have its original line endings in your working directory
warning: LF will be replaced by CRLF in index_files/plotly-main-1.57.1/plotly-latest.min.js.
The file will have its original line endings in your working directory
[1] 0
[main 438723c] auto build
 Committer: Hollister <Hollister.Jeff@epa.gov>
Your name and email address were configured automatically based
on your username and hostname. Please check that they are accurate.
You can suppress this message by setting them explicitly. Run the
following command and follow the instructions in your editor to edit
your configuration file:

    git config --global --edit

After doing this, you may fix the identity used for this commit with:

    git commit --amend --reset-author

 1 file changed, 23 insertions(+), 23 deletions(-)
 rewrite index.html (84%)
[1] 0
To https://github.com/jhollist/cc_buoys
   1509168..438723c  main -> main
[1] 0

Attaching package: 'dplyr'

The following objects are masked from 'package:stats':

    filter, lag

The following objects are masked from 'package:base':

    intersect, setdiff, setequal, union


Attaching package: 'lubridate'

The following objects are masked from 'package:base':

    date, intersect, setdiff, union

here() starts at C:/Windows/System32

Attaching package: 'plotly'

The following object is masked from 'package:ggplot2':

    last_plot

The following object is masked from 'package:stats':

    filter

The following object is masked from 'package:graphics':

    layout

Already up to date.
[1] 0
`summarise()` has grouped output by 'waterbody', 'date_hour'. You can override using the `.groups` argument.
warning: LF will be replaced by CRLF in index.html.
The file will have its original line endings in your working directory
warning: LF will be replaced by CRLF in index_files/crosstalk-1.1.1/css/crosstalk.css.
The file will have its original line endings in your working directory
warning: LF will be replaced by CRLF in index_files/crosstalk-1.1.1/js/crosstalk.js.
The file will have its original line endings in your working directory
warning: LF will be replaced by CRLF in index_files/crosstalk-1.1.1/js/crosstalk.js.map.
The file will have its original line endings in your working directory
warning: LF will be replaced by CRLF in index_files/crosstalk-1.1.1/js/crosstalk.min.js.
The file will have its original line endings in your working directory
warning: LF will be replaced by CRLF in index_files/htmlwidgets-1.5.3/htmlwidgets.js.
The file will have its original line endings in your working directory
warning: LF will be replaced by CRLF in index_files/jquery-3.5.1/jquery-AUTHORS.txt.
The file will have its original line endings in your working directory
warning: LF will be replaced by CRLF in index_files/jquery-3.5.1/jquery.js.
The file will have its original line endings in your working directory
warning: LF will be replaced by CRLF in index_files/jquery-3.5.1/jquery.min.js.
The file will have its original line endings in your working directory
warning: LF will be replaced by CRLF in index_files/plotly-binding-4.9.4/plotly.js.
The file will have its original line endings in your working directory
warning: LF will be replaced by CRLF in index_files/plotly-htmlwidgets-css-1.57.1/plotly-htmlwidgets.css.
The file will have its original line endings in your working directory
warning: LF will be replaced by CRLF in index_files/plotly-main-1.57.1/plotly-latest.min.js.
The file will have its original line endings in your working directory
[1] 0
[main 13f83cc] auto build
 Committer: Hollister <Hollister.Jeff@epa.gov>
Your name and email address were configured automatically based
on your username and hostname. Please check that they are accurate.
You can suppress this message by setting them explicitly. Run the
following command and follow the instructions in your editor to edit
your configuration file:

    git config --global --edit

After doing this, you may fix the identity used for this commit with:

    git commit --amend --reset-author

 1 file changed, 3 insertions(+), 3 deletions(-)
[1] 0
