
Attaching package: 'lubridate'

The following objects are masked from 'package:base':

    date, intersect, setdiff, union


Attaching package: 'dplyr'

The following objects are masked from 'package:stats':

    filter, lag

The following objects are masked from 'package:base':

    intersect, setdiff, setequal, union

here() starts at C:/Windows/System32
Error: 'NA' does not exist in current working directory ('C:/WINDOWS/system32').
Execution halted

Attaching package: 'lubridate'

The following objects are masked from 'package:base':

    date, intersect, setdiff, union


Attaching package: 'dplyr'

The following objects are masked from 'package:stats':

    filter, lag

The following objects are masked from 'package:base':

    intersect, setdiff, setequal, union

here() starts at C:/Windows/System32
Already up to date.
[1] 0
[1] 0
[main 743105f] auto merge data files
 Committer: Hollister <Hollister.Jeff@epa.gov>
Your name and email address were configured automatically based
on your username and hostname. Please check that they are accurate.
You can suppress this message by setting them explicitly. Run the
following command and follow the instructions in your editor to edit
your configuration file:

    git config --global --edit

After doing this, you may fix the identity used for this commit with:

    git commit --amend --reset-author

 6 files changed, 87 insertions(+), 2 deletions(-)
 create mode 100644 R/merge_buoy_data.log
 rewrite data/merged_buoy_data.rda (96%)
 create mode 100644 figures/cape_dash.jpg
[1] 0
To https://github.com/jhollist/high_res_cyano
   135465c..743105f  main -> main
[1] 0

Attaching package: 'lubridate'

The following objects are masked from 'package:base':

    date, intersect, setdiff, union


Attaching package: 'dplyr'

The following objects are masked from 'package:stats':

    filter, lag

The following objects are masked from 'package:base':

    intersect, setdiff, setequal, union

here() starts at C:/Windows/System32
