here() starts at C:/Windows/System32
Error in function (type, msg, asError = TRUE)  : Authentication failure
Calls: <Anonymous> -> curlPerform -> <Anonymous> -> fun
Execution halted
here() starts at C:/Windows/System32
Error in function (type, msg, asError = TRUE)  : Authentication failure
Calls: <Anonymous> -> curlPerform -> <Anonymous> -> fun
Execution halted
here() starts at C:/Windows/System32
[1] ":"
Error in function (type, msg, asError = TRUE)  : Authentication failure
Calls: <Anonymous> -> curlPerform -> <Anonymous> -> fun
Execution halted
here() starts at C:/Windows/System32
[1] "acesddata:sxign4;L"
Error in file(con, "wb") : cannot open the connection
Calls: writeBin -> file
In addition: Warning message:
In file(con, "wb") :
  cannot open file 'C:/Windows/System32/data/buoys/data_report_06-15-2021_18-01-08.csv': No such file or directory
Execution halted
here() starts at C:/Windows/System32
[1] "acesddata:sxign4;L"
fatal: not a git repository (or any of the parent directories): .git
[1] 128
fatal: not a git repository (or any of the parent directories): .git
[1] 128
fatal: not a git repository (or any of the parent directories): .git
[1] 128
